<?xml version="1.0" encoding="UTF-8"?>
<testng-results skipped="0" failed="0" total="1" passed="1">
  <reporter-output>
    <line>
      <![CDATA[<div "featureFile">Feature File: com&#x2F;mercury&#x2F;bdd&#x2F;login&#x2F;Login.feature</div>]]>
    </line>
    <line>
      <![CDATA[<div "feature">Feature: Login Functionality Feature</div>]]>
    </line>
    <line>
      <![CDATA[<div "scenarioOutline">Scenario Outline: Login Functionality</div>]]>
    </line>
    <line>
      <![CDATA[<div "scenario">Scenario Outline: Login Functionality</div>]]>
    </line>
    <line>
      <![CDATA[<div "result">Given  User is on Home Page (passed : 9s)</div>]]>
    </line>
    <line>
      <![CDATA[<div "result">When  User Navigate to LogIn Page (passed : 1s)</div>]]>
    </line>
    <line>
      <![CDATA[<div "result">And  User enters &quot;&lt;username&gt;&quot; and &quot;&lt;password&gt;&quot; (passed : 3s)</div>]]>
    </line>
    <line>
      <![CDATA[<div "result">Then  Message displayed Login Successfully (passed : 0s)</div>]]>
    </line>
  </reporter-output>
  <suite name="Test Runner" duration-ms="15018" started-at="2016-06-02T05:52:34Z" finished-at="2016-06-02T05:52:49Z">
    <groups>
      <group name="cucumber">
        <method signature="AbstractTestNGCucumberTests.run_cukes()[pri:0, instance:com.mercury.bdd.login.RunnerLogin@5ec0a365]" name="run_cukes" class="cucumber.api.testng.AbstractTestNGCucumberTests"/>
      </group> <!-- cucumber -->
    </groups>
    <test name="Login test" duration-ms="14990" started-at="2016-06-02T05:52:34Z" finished-at="2016-06-02T05:52:49Z">
      <class name="com.mercury.bdd.login.RunnerLogin">
        <test-method status="PASS" signature="run_cukes()[pri:0, instance:com.mercury.bdd.login.RunnerLogin@5ec0a365]" name="run_cukes" duration-ms="14945" started-at="2016-06-02T11:22:34Z" description="Runs Cucumber Features" finished-at="2016-06-02T11:22:49Z">
          <reporter-output>
            <line>
              <![CDATA[<div "featureFile">Feature File: com&#x2F;mercury&#x2F;bdd&#x2F;login&#x2F;Login.feature</div>]]>
            </line>
            <line>
              <![CDATA[<div "feature">Feature: Login Functionality Feature</div>]]>
            </line>
            <line>
              <![CDATA[<div "scenarioOutline">Scenario Outline: Login Functionality</div>]]>
            </line>
            <line>
              <![CDATA[<div "scenario">Scenario Outline: Login Functionality</div>]]>
            </line>
            <line>
              <![CDATA[<div "result">Given  User is on Home Page (passed : 9s)</div>]]>
            </line>
            <line>
              <![CDATA[<div "result">When  User Navigate to LogIn Page (passed : 1s)</div>]]>
            </line>
            <line>
              <![CDATA[<div "result">And  User enters &quot;&lt;username&gt;&quot; and &quot;&lt;password&gt;&quot; (passed : 3s)</div>]]>
            </line>
            <line>
              <![CDATA[<div "result">Then  Message displayed Login Successfully (passed : 0s)</div>]]>
            </line>
          </reporter-output>
        </test-method> <!-- run_cukes -->
      </class> <!-- com.mercury.bdd.login.RunnerLogin -->
    </test> <!-- Login test -->
    <test name="register test" duration-ms="1" started-at="2016-06-02T05:52:49Z" finished-at="2016-06-02T05:52:49Z">
    </test> <!-- register test -->
  </suite> <!-- Test Runner -->
</testng-results>
